# JRE version: Java(TM) SE Runtime Environment (8.0_91-b14) (build 1.8.0_91-b14)
# Java VM: Java HotSpot(TM) 64-Bit Server VM (25.91-b14 mixed mode windows-amd64 compressed oops)
Heap:
 PSYoungGen      total 254976K, used 214918K [0x00000000d5e00000, 0x00000000e7600000, 0x0000000100000000)
  eden space 249856K, 86% used [0x00000000d5e00000,0x00000000e2fe19c0,0x00000000e5200000)
  from space 5120K, 0% used [0x00000000e5200000,0x00000000e5200000,0x00000000e5700000)
  to   space 18432K, 0% used [0x00000000e6400000,0x00000000e6400000,0x00000000e7600000)
 ParOldGen       total 97792K, used 28482K [0x0000000081a00000, 0x0000000087980000, 0x00000000d5e00000)
  object space 97792K, 29% used [0x0000000081a00000,0x00000000835d0b38,0x0000000087980000)
 Metaspace       used 53960K, capacity 54976K, committed 55040K, reserved 1097728K
  class space    used 6776K, capacity 7139K, committed 7168K, reserved 1048576K
GC Heap History (10 events):
Event: 552.116 GC heap before
{Heap before GC invocations=18 (full 5):
 PSYoungGen      total 269312K, used 4524K [0x00000000d5e00000, 0x00000000e7800000, 0x0000000100000000)
  eden space 249856K, 0% used [0x00000000d5e00000,0x00000000d5e00000,0x00000000e5200000)
  from space 19456K, 23% used [0x00000000e5200000,0x00000000e566b388,0x00000000e6500000)
  to   space 19456K, 0% used [0x00000000e6500000,0x00000000e6500000,0x00000000e7800000)
 ParOldGen       total 97792K, used 27985K [0x0000000081a00000, 0x0000000087980000, 0x00000000d5e00000)
  object space 97792K, 28% used [0x0000000081a00000,0x0000000083554600,0x0000000087980000)
 Metaspace       used 52601K, capacity 53386K, committed 53632K, reserved 1095680K
  class space    used 6689K, capacity 6949K, committed 7040K, reserved 1048576K
Event: 552.220 GC heap after
Heap after GC invocations=18 (full 5):
 PSYoungGen      total 269312K, used 0K [0x00000000d5e00000, 0x00000000e7800000, 0x0000000100000000)
  eden space 249856K, 0% used [0x00000000d5e00000,0x00000000d5e00000,0x00000000e5200000)
  from space 19456K, 0% used [0x00000000e5200000,0x00000000e5200000,0x00000000e6500000)
  to   space 19456K, 0% used [0x00000000e6500000,0x00000000e6500000,0x00000000e7800000)
 ParOldGen       total 97792K, used 28087K [0x0000000081a00000, 0x0000000087980000, 0x00000000d5e00000)
  object space 97792K, 28% used [0x0000000081a00000,0x000000008356de60,0x0000000087980000)
 Metaspace       used 52599K, capacity 53380K, committed 53632K, reserved 1095680K
  class space    used 6688K, capacity 6947K, committed 7040K, reserved 1048576K
}
Event: 776.096 GC heap before
{Heap before GC invocations=19 (full 5):
 PSYoungGen      total 269312K, used 226507K [0x00000000d5e00000, 0x00000000e7800000, 0x0000000100000000)
  eden space 249856K, 90% used [0x00000000d5e00000,0x00000000e3b32e20,0x00000000e5200000)
  from space 19456K, 0% used [0x00000000e5200000,0x00000000e5200000,0x00000000e6500000)
  to   space 19456K, 0% used [0x00000000e6500000,0x00000000e6500000,0x00000000e7800000)
 ParOldGen       total 97792K, used 28087K [0x0000000081a00000, 0x0000000087980000, 0x00000000d5e00000)
  object space 97792K, 28% used [0x0000000081a00000,0x000000008356de60,0x0000000087980000)
 Metaspace       used 53114K, capacity 53980K, committed 54144K, reserved 1095680K
  class space    used 6715K, capacity 7004K, committed 7040K, reserved 1048576K
Event: 776.100 GC heap after
Heap after GC invocations=19 (full 5):
 PSYoungGen      total 268288K, used 4609K [0x00000000d5e00000, 0x00000000e7700000, 0x0000000100000000)
  eden space 249856K, 0% used [0x00000000d5e00000,0x00000000d5e00000,0x00000000e5200000)
  from space 18432K, 25% used [0x00000000e6500000,0x00000000e6980420,0x00000000e7700000)
  to   space 18944K, 0% used [0x00000000e5200000,0x00000000e5200000,0x00000000e6480000)
 ParOldGen       total 97792K, used 28095K [0x0000000081a00000, 0x0000000087980000, 0x00000000d5e00000)
  object space 97792K, 28% used [0x0000000081a00000,0x000000008356fe60,0x0000000087980000)
 Metaspace       used 53114K, capacity 53980K, committed 54144K, reserved 1095680K
  class space    used 6715K, capacity 7004K, committed 7040K, reserved 1048576K
}
Event: 776.100 GC heap before
{Heap before GC invocations=20 (full 6):
 PSYoungGen      total 268288K, used 4609K [0x00000000d5e00000, 0x00000000e7700000, 0x0000000100000000)
  eden space 249856K, 0% used [0x00000000d5e00000,0x00000000d5e00000,0x00000000e5200000)
  from space 18432K, 25% used [0x00000000e6500000,0x00000000e6980420,0x00000000e7700000)
  to   space 18944K, 0% used [0x00000000e5200000,0x00000000e5200000,0x00000000e6480000)
 ParOldGen       total 97792K, used 28095K [0x0000000081a00000, 0x0000000087980000, 0x00000000d5e00000)
  object space 97792K, 28% used [0x0000000081a00000,0x000000008356fe60,0x0000000087980000)
 Metaspace       used 53114K, capacity 53980K, committed 54144K, reserved 1095680K
  class space    used 6715K, capacity 7004K, committed 7040K, reserved 1048576K
Event: 776.202 GC heap after
Heap after GC invocations=20 (full 6):
 PSYoungGen      total 268288K, used 0K [0x00000000d5e00000, 0x00000000e7700000, 0x0000000100000000)
  eden space 249856K, 0% used [0x00000000d5e00000,0x00000000d5e00000,0x00000000e5200000)
  from space 18432K, 0% used [0x00000000e6500000,0x00000000e6500000,0x00000000e7700000)
  to   space 18944K, 0% used [0x00000000e5200000,0x00000000e5200000,0x00000000e6480000)
 ParOldGen       total 97792K, used 28251K [0x0000000081a00000, 0x0000000087980000, 0x00000000d5e00000)
  object space 97792K, 28% used [0x0000000081a00000,0x0000000083596ca0,0x0000000087980000)
 Metaspace       used 53111K, capacity 53974K, committed 54144K, reserved 1095680K
  class space    used 6715K, capacity 7002K, committed 7040K, reserved 1048576K
}
Event: 823.042 GC heap before
{Heap before GC invocations=21 (full 6):
 PSYoungGen      total 268288K, used 223680K [0x00000000d5e00000, 0x00000000e7700000, 0x0000000100000000)
  eden space 249856K, 89% used [0x00000000d5e00000,0x00000000e38702e0,0x00000000e5200000)
  from space 18432K, 0% used [0x00000000e6500000,0x00000000e6500000,0x00000000e7700000)
  to   space 18944K, 0% used [0x00000000e5200000,0x00000000e5200000,0x00000000e6480000)
 ParOldGen       total 97792K, used 28251K [0x0000000081a00000, 0x0000000087980000, 0x00000000d5e00000)
  object space 97792K, 28% used [0x0000000081a00000,0x0000000083596ca0,0x0000000087980000)
 Metaspace       used 53628K, capacity 54546K, committed 54784K, reserved 1097728K
  class space    used 6754K, capacity 7081K, committed 7168K, reserved 1048576K
Event: 823.047 GC heap after
Heap after GC invocations=21 (full 6):
 PSYoungGen      total 254976K, used 4755K [0x00000000d5e00000, 0x00000000e7600000, 0x0000000100000000)
  eden space 249856K, 0% used [0x00000000d5e00000,0x00000000d5e00000,0x00000000e5200000)
  from space 5120K, 92% used [0x00000000e5200000,0x00000000e56a4f80,0x00000000e5700000)
  to   space 18432K, 0% used [0x00000000e6400000,0x00000000e6400000,0x00000000e7600000)
 ParOldGen       total 97792K, used 28259K [0x0000000081a00000, 0x0000000087980000, 0x00000000d5e00000)
  object space 97792K, 28% used [0x0000000081a00000,0x0000000083598ca0,0x0000000087980000)
 Metaspace       used 53628K, capacity 54546K, committed 54784K, reserved 1097728K
  class space    used 6754K, capacity 7081K, committed 7168K, reserved 1048576K
}
Event: 823.047 GC heap before
{Heap before GC invocations=22 (full 7):
 PSYoungGen      total 254976K, used 4755K [0x00000000d5e00000, 0x00000000e7600000, 0x0000000100000000)
  eden space 249856K, 0% used [0x00000000d5e00000,0x00000000d5e00000,0x00000000e5200000)
  from space 5120K, 92% used [0x00000000e5200000,0x00000000e56a4f80,0x00000000e5700000)
  to   space 18432K, 0% used [0x00000000e6400000,0x00000000e6400000,0x00000000e7600000)
 ParOldGen       total 97792K, used 28259K [0x0000000081a00000, 0x0000000087980000, 0x00000000d5e00000)
  object space 97792K, 28% used [0x0000000081a00000,0x0000000083598ca0,0x0000000087980000)
 Metaspace       used 53628K, capacity 54546K, committed 54784K, reserved 1097728K
  class space    used 6754K, capacity 7081K, committed 7168K, reserved 1048576K
Event: 823.132 GC heap after
Heap after GC invocations=22 (full 7):
 PSYoungGen      total 254976K, used 0K [0x00000000d5e00000, 0x00000000e7600000, 0x0000000100000000)
  eden space 249856K, 0% used [0x00000000d5e00000,0x00000000d5e00000,0x00000000e5200000)
  from space 5120K, 0% used [0x00000000e5200000,0x00000000e5200000,0x00000000e5700000)
  to   space 18432K, 0% used [0x00000000e6400000,0x00000000e6400000,0x00000000e7600000)
 ParOldGen       total 97792K, used 28482K [0x0000000081a00000, 0x0000000087980000, 0x00000000d5e00000)
  object space 97792K, 29% used [0x0000000081a00000,0x00000000835d0b38,0x0000000087980000)
 Metaspace       used 53625K, capacity 54540K, committed 54784K, reserved 1097728K
  class space    used 6753K, capacity 7079K, committed 7168K, reserved 1048576K
}

