# JRE version: Java(TM) SE Runtime Environment (8.0_91-b14) (build 1.8.0_91-b14)
# Java VM: Java HotSpot(TM) 64-Bit Server VM (25.91-b14 mixed mode windows-amd64 compressed oops)
Heap:
 PSYoungGen      total 205312K, used 58082K [0x00000000d5e00000, 0x00000000e7700000, 0x0000000100000000)
  eden space 189440K, 30% used [0x00000000d5e00000,0x00000000d96b88c0,0x00000000e1700000)
  from space 15872K, 0% used [0x00000000e1700000,0x00000000e1700000,0x00000000e2680000)
  to   space 17408K, 0% used [0x00000000e6600000,0x00000000e6600000,0x00000000e7700000)
 ParOldGen       total 98304K, used 21062K [0x0000000081a00000, 0x0000000087a00000, 0x00000000d5e00000)
  object space 98304K, 21% used [0x0000000081a00000,0x0000000082e918b0,0x0000000087a00000)
 Metaspace       used 41580K, capacity 41950K, committed 42112K, reserved 1085440K
  class space    used 5364K, capacity 5455K, committed 5504K, reserved 1048576K
GC Heap History (10 events):
Event: 1.414 GC heap before
{Heap before GC invocations=7 (full 1):
 PSYoungGen      total 140800K, used 7754K [0x00000000d5e00000, 0x00000000df300000, 0x0000000100000000)
  eden space 132096K, 0% used [0x00000000d5e00000,0x00000000d5e00000,0x00000000ddf00000)
  from space 8704K, 89% used [0x00000000de880000,0x00000000df012bc0,0x00000000df100000)
  to   space 9728K, 0% used [0x00000000ddf00000,0x00000000ddf00000,0x00000000de880000)
 ParOldGen       total 87552K, used 4200K [0x0000000081a00000, 0x0000000086f80000, 0x00000000d5e00000)
  object space 87552K, 4% used [0x0000000081a00000,0x0000000081e1a2c0,0x0000000086f80000)
 Metaspace       used 20963K, capacity 21198K, committed 21296K, reserved 1069056K
  class space    used 2557K, capacity 2638K, committed 2688K, reserved 1048576K
Event: 1.447 GC heap after
Heap after GC invocations=7 (full 1):
 PSYoungGen      total 140800K, used 0K [0x00000000d5e00000, 0x00000000df300000, 0x0000000100000000)
  eden space 132096K, 0% used [0x00000000d5e00000,0x00000000d5e00000,0x00000000ddf00000)
  from space 8704K, 0% used [0x00000000de880000,0x00000000de880000,0x00000000df100000)
  to   space 9728K, 0% used [0x00000000ddf00000,0x00000000ddf00000,0x00000000de880000)
 ParOldGen       total 60928K, used 8139K [0x0000000081a00000, 0x0000000085580000, 0x00000000d5e00000)
  object space 60928K, 13% used [0x0000000081a00000,0x00000000821f2ef8,0x0000000085580000)
 Metaspace       used 20963K, capacity 21198K, committed 21296K, reserved 1069056K
  class space    used 2557K, capacity 2638K, committed 2688K, reserved 1048576K
}
Event: 2.249 GC heap before
{Heap before GC invocations=8 (full 1):
 PSYoungGen      total 140800K, used 132096K [0x00000000d5e00000, 0x00000000df300000, 0x0000000100000000)
  eden space 132096K, 100% used [0x00000000d5e00000,0x00000000ddf00000,0x00000000ddf00000)
  from space 8704K, 0% used [0x00000000de880000,0x00000000de880000,0x00000000df100000)
  to   space 9728K, 0% used [0x00000000ddf00000,0x00000000ddf00000,0x00000000de880000)
 ParOldGen       total 60928K, used 8139K [0x0000000081a00000, 0x0000000085580000, 0x00000000d5e00000)
  object space 60928K, 13% used [0x0000000081a00000,0x00000000821f2ef8,0x0000000085580000)
 Metaspace       used 27646K, capacity 28022K, committed 28160K, reserved 1073152K
  class space    used 3419K, capacity 3525K, committed 3584K, reserved 1048576K
Event: 2.258 GC heap after
Heap after GC invocations=8 (full 1):
 PSYoungGen      total 141824K, used 9713K [0x00000000d5e00000, 0x00000000e3280000, 0x0000000100000000)
  eden space 132096K, 0% used [0x00000000d5e00000,0x00000000d5e00000,0x00000000ddf00000)
  from space 9728K, 99% used [0x00000000ddf00000,0x00000000de87c6a8,0x00000000de880000)
  to   space 12288K, 0% used [0x00000000e2680000,0x00000000e2680000,0x00000000e3280000)
 ParOldGen       total 60928K, used 10668K [0x0000000081a00000, 0x0000000085580000, 0x00000000d5e00000)
  object space 60928K, 17% used [0x0000000081a00000,0x000000008246b190,0x0000000085580000)
 Metaspace       used 27646K, capacity 28022K, committed 28160K, reserved 1073152K
  class space    used 3419K, capacity 3525K, committed 3584K, reserved 1048576K
}
Event: 2.946 GC heap before
{Heap before GC invocations=9 (full 1):
 PSYoungGen      total 141824K, used 141809K [0x00000000d5e00000, 0x00000000e3280000, 0x0000000100000000)
  eden space 132096K, 100% used [0x00000000d5e00000,0x00000000ddf00000,0x00000000ddf00000)
  from space 9728K, 99% used [0x00000000ddf00000,0x00000000de87c6a8,0x00000000de880000)
  to   space 12288K, 0% used [0x00000000e2680000,0x00000000e2680000,0x00000000e3280000)
 ParOldGen       total 60928K, used 10668K [0x0000000081a00000, 0x0000000085580000, 0x00000000d5e00000)
  object space 60928K, 17% used [0x0000000081a00000,0x000000008246b190,0x0000000085580000)
 Metaspace       used 33093K, capacity 33524K, committed 33664K, reserved 1079296K
  class space    used 4024K, capacity 4138K, committed 4224K, reserved 1048576K
Event: 2.955 GC heap after
Heap after GC invocations=9 (full 1):
 PSYoungGen      total 201728K, used 12277K [0x00000000d5e00000, 0x00000000e3680000, 0x0000000100000000)
  eden space 189440K, 0% used [0x00000000d5e00000,0x00000000d5e00000,0x00000000e1700000)
  from space 12288K, 99% used [0x00000000e2680000,0x00000000e327d7f8,0x00000000e3280000)
  to   space 15872K, 0% used [0x00000000e1700000,0x00000000e1700000,0x00000000e2680000)
 ParOldGen       total 60928K, used 14591K [0x0000000081a00000, 0x0000000085580000, 0x00000000d5e00000)
  object space 60928K, 23% used [0x0000000081a00000,0x000000008283fce8,0x0000000085580000)
 Metaspace       used 33093K, capacity 33524K, committed 33664K, reserved 1079296K
  class space    used 4024K, capacity 4138K, committed 4224K, reserved 1048576K
}
Event: 3.062 GC heap before
{Heap before GC invocations=10 (full 1):
 PSYoungGen      total 201728K, used 28967K [0x00000000d5e00000, 0x00000000e3680000, 0x0000000100000000)
  eden space 189440K, 8% used [0x00000000d5e00000,0x00000000d6e4c558,0x00000000e1700000)
  from space 12288K, 99% used [0x00000000e2680000,0x00000000e327d7f8,0x00000000e3280000)
  to   space 15872K, 0% used [0x00000000e1700000,0x00000000e1700000,0x00000000e2680000)
 ParOldGen       total 60928K, used 14591K [0x0000000081a00000, 0x0000000085580000, 0x00000000d5e00000)
  object space 60928K, 23% used [0x0000000081a00000,0x000000008283fce8,0x0000000085580000)
 Metaspace       used 35007K, capacity 35386K, committed 35456K, reserved 1081344K
  class space    used 4342K, capacity 4459K, committed 4480K, reserved 1048576K
Event: 3.070 GC heap after
Heap after GC invocations=10 (full 1):
 PSYoungGen      total 205312K, used 14263K [0x00000000d5e00000, 0x00000000e7700000, 0x0000000100000000)
  eden space 189440K, 0% used [0x00000000d5e00000,0x00000000d5e00000,0x00000000e1700000)
  from space 15872K, 89% used [0x00000000e1700000,0x00000000e24edf60,0x00000000e2680000)
  to   space 17408K, 0% used [0x00000000e6600000,0x00000000e6600000,0x00000000e7700000)
 ParOldGen       total 60928K, used 14599K [0x0000000081a00000, 0x0000000085580000, 0x00000000d5e00000)
  object space 60928K, 23% used [0x0000000081a00000,0x0000000082841ce8,0x0000000085580000)
 Metaspace       used 35007K, capacity 35386K, committed 35456K, reserved 1081344K
  class space    used 4342K, capacity 4459K, committed 4480K, reserved 1048576K
}
Event: 3.070 GC heap before
{Heap before GC invocations=11 (full 2):
 PSYoungGen      total 205312K, used 14263K [0x00000000d5e00000, 0x00000000e7700000, 0x0000000100000000)
  eden space 189440K, 0% used [0x00000000d5e00000,0x00000000d5e00000,0x00000000e1700000)
  from space 15872K, 89% used [0x00000000e1700000,0x00000000e24edf60,0x00000000e2680000)
  to   space 17408K, 0% used [0x00000000e6600000,0x00000000e6600000,0x00000000e7700000)
 ParOldGen       total 60928K, used 14599K [0x0000000081a00000, 0x0000000085580000, 0x00000000d5e00000)
  object space 60928K, 23% used [0x0000000081a00000,0x0000000082841ce8,0x0000000085580000)
 Metaspace       used 35007K, capacity 35386K, committed 35456K, reserved 1081344K
  class space    used 4342K, capacity 4459K, committed 4480K, reserved 1048576K
Event: 3.113 GC heap after
Heap after GC invocations=11 (full 2):
 PSYoungGen      total 205312K, used 0K [0x00000000d5e00000, 0x00000000e7700000, 0x0000000100000000)
  eden space 189440K, 0% used [0x00000000d5e00000,0x00000000d5e00000,0x00000000e1700000)
  from space 15872K, 0% used [0x00000000e1700000,0x00000000e1700000,0x00000000e2680000)
  to   space 17408K, 0% used [0x00000000e6600000,0x00000000e6600000,0x00000000e7700000)
 ParOldGen       total 98304K, used 21062K [0x0000000081a00000, 0x0000000087a00000, 0x00000000d5e00000)
  object space 98304K, 21% used [0x0000000081a00000,0x0000000082e918b0,0x0000000087a00000)
 Metaspace       used 35007K, capacity 35386K, committed 35456K, reserved 1081344K
  class space    used 4342K, capacity 4459K, committed 4480K, reserved 1048576K
}

